# JRE version: OpenJDK Runtime Environment (8.0_112-b06) (build 1.8.0_112-release-b06)
# Java VM: OpenJDK 64-Bit Server VM (25.112-b06 mixed mode bsd-amd64 compressed oops)
Heap:
 PSYoungGen      total 125440K, used 125348K [0x00000007a0000000, 0x00000007a9d00000, 0x00000007c0000000)
  eden space 111616K, 100% used [0x00000007a0000000,0x00000007a6d00000,0x00000007a6d00000)
  from space 13824K, 99% used [0x00000007a6f80000,0x00000007a7ce9388,0x00000007a7d00000)
  to   space 24576K, 37% used [0x00000007a8500000,0x00000007a8e18ab8,0x00000007a9d00000)
 ParOldGen       total 160768K, used 64406K [0x0000000760000000, 0x0000000769d00000, 0x00000007a0000000)
  object space 160768K, 40% used [0x0000000760000000,0x0000000763ee5a88,0x0000000769d00000)
 Metaspace       used 74798K, capacity 81636K, committed 81792K, reserved 1120256K
  class space    used 9275K, capacity 10044K, committed 10112K, reserved 1048576K
GC Heap History (10 events):
Event: 6350.917 GC heap after
Heap after GC invocations=62 (full 3):
 PSYoungGen      total 139264K, used 20224K [0x00000007a0000000, 0x00000007aaa00000, 0x00000007c0000000)
  eden space 118784K, 0% used [0x00000007a0000000,0x00000007a0000000,0x00000007a7400000)
  from space 20480K, 98% used [0x00000007a7700000,0x00000007a8ac0358,0x00000007a8b00000)
  to   space 27648K, 0% used [0x00000007a8f00000,0x00000007a8f00000,0x00000007aaa00000)
 ParOldGen       total 160768K, used 63830K [0x0000000760000000, 0x0000000769d00000, 0x00000007a0000000)
  object space 160768K, 39% used [0x0000000760000000,0x0000000763e55a78,0x0000000769d00000)
 Metaspace       used 74590K, capacity 81310K, committed 81536K, reserved 1120256K
  class space    used 9246K, capacity 10014K, committed 10112K, reserved 1048576K
}
Event: 6351.653 GC heap before
{Heap before GC invocations=63 (full 3):
 PSYoungGen      total 139264K, used 138505K [0x00000007a0000000, 0x00000007aaa00000, 0x00000007c0000000)
  eden space 118784K, 99% used [0x00000007a0000000,0x00000007a7382308,0x00000007a7400000)
  from space 20480K, 98% used [0x00000007a7700000,0x00000007a8ac0358,0x00000007a8b00000)
  to   space 27648K, 0% used [0x00000007a8f00000,0x00000007a8f00000,0x00000007aaa00000)
 ParOldGen       total 160768K, used 63830K [0x0000000760000000, 0x0000000769d00000, 0x00000007a0000000)
  object space 160768K, 39% used [0x0000000760000000,0x0000000763e55a78,0x0000000769d00000)
 Metaspace       used 74615K, capacity 81332K, committed 81536K, reserved 1120256K
  class space    used 9248K, capacity 10016K, committed 10112K, reserved 1048576K
Event: 6351.671 GC heap after
Heap after GC invocations=63 (full 3):
 PSYoungGen      total 146944K, used 14350K [0x00000007a0000000, 0x00000007ab100000, 0x00000007c0000000)
  eden space 119296K, 0% used [0x00000007a0000000,0x00000007a0000000,0x00000007a7480000)
  from space 27648K, 51% used [0x00000007a8f00000,0x00000007a9d03830,0x00000007aaa00000)
  to   space 27136K, 0% used [0x00000007a7480000,0x00000007a7480000,0x00000007a8f00000)
 ParOldGen       total 160768K, used 63830K [0x0000000760000000, 0x0000000769d00000, 0x00000007a0000000)
  object space 160768K, 39% used [0x0000000760000000,0x0000000763e55a78,0x0000000769d00000)
 Metaspace       used 74615K, capacity 81332K, committed 81536K, reserved 1120256K
  class space    used 9248K, capacity 10016K, committed 10112K, reserved 1048576K
}
Event: 6426.955 GC heap before
{Heap before GC invocations=64 (full 3):
 PSYoungGen      total 146944K, used 133642K [0x00000007a0000000, 0x00000007ab100000, 0x00000007c0000000)
  eden space 119296K, 99% used [0x00000007a0000000,0x00000007a747f148,0x00000007a7480000)
  from space 27648K, 51% used [0x00000007a8f00000,0x00000007a9d03830,0x00000007aaa00000)
  to   space 27136K, 0% used [0x00000007a7480000,0x00000007a7480000,0x00000007a8f00000)
 ParOldGen       total 160768K, used 63830K [0x0000000760000000, 0x0000000769d00000, 0x00000007a0000000)
  object space 160768K, 39% used [0x0000000760000000,0x0000000763e55a78,0x0000000769d00000)
 Metaspace       used 74665K, capacity 81420K, committed 81536K, reserved 1120256K
  class space    used 9256K, capacity 10024K, committed 10112K, reserved 1048576K
Event: 6426.976 GC heap after
Heap after GC invocations=64 (full 3):
 PSYoungGen      total 130560K, used 13416K [0x00000007a0000000, 0x00000007aa500000, 0x00000007c0000000)
  eden space 116736K, 0% used [0x00000007a0000000,0x00000007a0000000,0x00000007a7200000)
  from space 13824K, 97% used [0x00000007a7480000,0x00000007a819a300,0x00000007a8200000)
  to   space 26112K, 0% used [0x00000007a8b80000,0x00000007a8b80000,0x00000007aa500000)
 ParOldGen       total 160768K, used 63894K [0x0000000760000000, 0x0000000769d00000, 0x00000007a0000000)
  object space 160768K, 39% used [0x0000000760000000,0x0000000763e65a78,0x0000000769d00000)
 Metaspace       used 74665K, capacity 81420K, committed 81536K, reserved 1120256K
  class space    used 9256K, capacity 10024K, committed 10112K, reserved 1048576K
}
Event: 6486.131 GC heap before
{Heap before GC invocations=65 (full 3):
 PSYoungGen      total 130560K, used 130152K [0x00000007a0000000, 0x00000007aa500000, 0x00000007c0000000)
  eden space 116736K, 100% used [0x00000007a0000000,0x00000007a7200000,0x00000007a7200000)
  from space 13824K, 97% used [0x00000007a7480000,0x00000007a819a300,0x00000007a8200000)
  to   space 26112K, 0% used [0x00000007a8b80000,0x00000007a8b80000,0x00000007aa500000)
 ParOldGen       total 160768K, used 63894K [0x0000000760000000, 0x0000000769d00000, 0x00000007a0000000)
  object space 160768K, 39% used [0x0000000760000000,0x0000000763e65a78,0x0000000769d00000)
 Metaspace       used 74689K, capacity 81438K, committed 81536K, reserved 1120256K
  class space    used 9257K, capacity 10026K, committed 10112K, reserved 1048576K
Event: 6486.152 GC heap after
Heap after GC invocations=65 (full 3):
 PSYoungGen      total 135680K, used 9317K [0x00000007a0000000, 0x00000007aa080000, 0x00000007c0000000)
  eden space 114176K, 0% used [0x00000007a0000000,0x00000007a0000000,0x00000007a6f80000)
  from space 21504K, 43% used [0x00000007a8b80000,0x00000007a9499510,0x00000007aa080000)
  to   space 25088K, 0% used [0x00000007a6f80000,0x00000007a6f80000,0x00000007a8800000)
 ParOldGen       total 160768K, used 63934K [0x0000000760000000, 0x0000000769d00000, 0x00000007a0000000)
  object space 160768K, 39% used [0x0000000760000000,0x0000000763e6fa78,0x0000000769d00000)
 Metaspace       used 74689K, capacity 81438K, committed 81536K, reserved 1120256K
  class space    used 9257K, capacity 10026K, committed 10112K, reserved 1048576K
}
Event: 6487.478 GC heap before
{Heap before GC invocations=66 (full 3):
 PSYoungGen      total 135680K, used 123493K [0x00000007a0000000, 0x00000007aa080000, 0x00000007c0000000)
  eden space 114176K, 100% used [0x00000007a0000000,0x00000007a6f80000,0x00000007a6f80000)
  from space 21504K, 43% used [0x00000007a8b80000,0x00000007a9499510,0x00000007aa080000)
  to   space 25088K, 0% used [0x00000007a6f80000,0x00000007a6f80000,0x00000007a8800000)
 ParOldGen       total 160768K, used 63934K [0x0000000760000000, 0x0000000769d00000, 0x00000007a0000000)
  object space 160768K, 39% used [0x0000000760000000,0x0000000763e6fa78,0x0000000769d00000)
 Metaspace       used 74757K, capacity 81548K, committed 81792K, reserved 1120256K
  class space    used 9267K, capacity 10036K, committed 10112K, reserved 1048576K
Event: 6487.503 GC heap after
Heap after GC invocations=66 (full 3):
 PSYoungGen      total 125440K, used 13732K [0x00000007a0000000, 0x00000007a9d00000, 0x00000007c0000000)
  eden space 111616K, 0% used [0x00000007a0000000,0x00000007a0000000,0x00000007a6d00000)
  from space 13824K, 99% used [0x00000007a6f80000,0x00000007a7ce9388,0x00000007a7d00000)
  to   space 24576K, 0% used [0x00000007a8500000,0x00000007a8500000,0x00000007a9d00000)
 ParOldGen       total 160768K, used 64022K [0x0000000760000000, 0x0000000769d00000, 0x00000007a0000000)
  object space 160768K, 39% used [0x0000000760000000,0x0000000763e85a78,0x0000000769d00000)
 Metaspace       used 74757K, capacity 81548K, committed 81792K, reserved 1120256K
  class space    used 9267K, capacity 10036K, committed 10112K, reserved 1048576K
}
Event: 6598.402 GC heap before
{Heap before GC invocations=67 (full 3):
 PSYoungGen      total 125440K, used 125348K [0x00000007a0000000, 0x00000007a9d00000, 0x00000007c0000000)
  eden space 111616K, 100% used [0x00000007a0000000,0x00000007a6d00000,0x00000007a6d00000)
  from space 13824K, 99% used [0x00000007a6f80000,0x00000007a7ce9388,0x00000007a7d00000)
  to   space 24576K, 0% used [0x00000007a8500000,0x00000007a8500000,0x00000007a9d00000)
 ParOldGen       total 160768K, used 64022K [0x0000000760000000, 0x0000000769d00000, 0x00000007a0000000)
  object space 160768K, 39% used [0x0000000760000000,0x0000000763e85a78,0x0000000769d00000)
 Metaspace       used 74798K, capacity 81636K, committed 81792K, reserved 1120256K
  class space    used 9275K, capacity 10044K, committed 10112K, reserved 1048576K

