# JRE version: OpenJDK Runtime Environment (8.0_112-b06) (build 1.8.0_112-release-b06)
# Java VM: OpenJDK 64-Bit Server VM (25.112-b06 mixed mode bsd-amd64 compressed oops)
Heap:
 PSYoungGen      total 336896K, used 292967K [0x00000007a0000000, 0x00000007c0000000, 0x00000007c0000000)
  eden space 266240K, 83% used [0x00000007a0000000,0x00000007ad91c740,0x00000007b0400000)
  from space 70656K, 99% used [0x00000007bbb00000,0x00000007bfffd698,0x00000007c0000000)
  to   space 129024K, 0% used [0x00000007b0400000,0x00000007b0400000,0x00000007b8200000)
 ParOldGen       total 356352K, used 276263K [0x0000000760000000, 0x0000000775c00000, 0x00000007a0000000)
  object space 356352K, 77% used [0x0000000760000000,0x0000000770dc9e10,0x0000000775c00000)
 Metaspace       used 86596K, capacity 93388K, committed 93696K, reserved 1132544K
  class space    used 10367K, capacity 11174K, committed 11264K, reserved 1048576K
GC Heap History (10 events):
Event: 7528.224 GC heap before
{Heap before GC invocations=67 (full 5):
 PSYoungGen      total 497152K, used 497139K [0x00000007a0000000, 0x00000007c0000000, 0x00000007c0000000)
  eden space 470016K, 100% used [0x00000007a0000000,0x00000007bcb00000,0x00000007bcb00000)
  from space 27136K, 99% used [0x00000007bcb00000,0x00000007be57cdc8,0x00000007be580000)
  to   space 27136K, 0% used [0x00000007be580000,0x00000007be580000,0x00000007c0000000)
 ParOldGen       total 356352K, used 85917K [0x0000000760000000, 0x0000000775c00000, 0x00000007a0000000)
  object space 356352K, 24% used [0x0000000760000000,0x00000007653e77a8,0x0000000775c00000)
 Metaspace       used 86210K, capacity 92904K, committed 93056K, reserved 1130496K
  class space    used 10327K, capacity 11092K, committed 11136K, reserved 1048576K
Event: 7528.254 GC heap after
Heap after GC invocations=67 (full 5):
 PSYoungGen      total 486912K, used 19296K [0x00000007a0000000, 0x00000007c0000000, 0x00000007c0000000)
  eden space 459776K, 0% used [0x00000007a0000000,0x00000007a0000000,0x00000007bc100000)
  from space 27136K, 71% used [0x00000007be580000,0x00000007bf8582d8,0x00000007c0000000)
  to   space 32256K, 0% used [0x00000007bc100000,0x00000007bc100000,0x00000007be080000)
 ParOldGen       total 356352K, used 86441K [0x0000000760000000, 0x0000000775c00000, 0x00000007a0000000)
  object space 356352K, 24% used [0x0000000760000000,0x000000076546a7b8,0x0000000775c00000)
 Metaspace       used 86210K, capacity 92904K, committed 93056K, reserved 1130496K
  class space    used 10327K, capacity 11092K, committed 11136K, reserved 1048576K
}
Event: 7529.804 GC heap before
{Heap before GC invocations=68 (full 5):
 PSYoungGen      total 486912K, used 479072K [0x00000007a0000000, 0x00000007c0000000, 0x00000007c0000000)
  eden space 459776K, 100% used [0x00000007a0000000,0x00000007bc100000,0x00000007bc100000)
  from space 27136K, 71% used [0x00000007be580000,0x00000007bf8582d8,0x00000007c0000000)
  to   space 32256K, 0% used [0x00000007bc100000,0x00000007bc100000,0x00000007be080000)
 ParOldGen       total 356352K, used 86441K [0x0000000760000000, 0x0000000775c00000, 0x00000007a0000000)
  object space 356352K, 24% used [0x0000000760000000,0x000000076546a7b8,0x0000000775c00000)
 Metaspace       used 86483K, capacity 93260K, committed 93440K, reserved 1132544K
  class space    used 10366K, capacity 11174K, committed 11264K, reserved 1048576K
Event: 7529.897 GC heap after
Heap after GC invocations=68 (full 5):
 PSYoungGen      total 492032K, used 32233K [0x00000007a0000000, 0x00000007c0000000, 0x00000007c0000000)
  eden space 459776K, 0% used [0x00000007a0000000,0x00000007a0000000,0x00000007bc100000)
  from space 32256K, 99% used [0x00000007bc100000,0x00000007be07a540,0x00000007be080000)
  to   space 32256K, 0% used [0x00000007be080000,0x00000007be080000,0x00000007c0000000)
 ParOldGen       total 356352K, used 105859K [0x0000000760000000, 0x0000000775c00000, 0x00000007a0000000)
  object space 356352K, 29% used [0x0000000760000000,0x0000000766760e48,0x0000000775c00000)
 Metaspace       used 86483K, capacity 93260K, committed 93440K, reserved 1132544K
  class space    used 10366K, capacity 11174K, committed 11264K, reserved 1048576K
}
Event: 7531.248 GC heap before
{Heap before GC invocations=69 (full 5):
 PSYoungGen      total 492032K, used 492009K [0x00000007a0000000, 0x00000007c0000000, 0x00000007c0000000)
  eden space 459776K, 100% used [0x00000007a0000000,0x00000007bc100000,0x00000007bc100000)
  from space 32256K, 99% used [0x00000007bc100000,0x00000007be07a540,0x00000007be080000)
  to   space 32256K, 0% used [0x00000007be080000,0x00000007be080000,0x00000007c0000000)
 ParOldGen       total 356352K, used 105859K [0x0000000760000000, 0x0000000775c00000, 0x00000007a0000000)
  object space 356352K, 29% used [0x0000000760000000,0x0000000766760e48,0x0000000775c00000)
 Metaspace       used 86525K, capacity 93324K, committed 93440K, reserved 1132544K
  class space    used 10367K, capacity 11174K, committed 11264K, reserved 1048576K
Event: 7531.447 GC heap after
Heap after GC invocations=69 (full 5):
 PSYoungGen      total 415232K, used 32227K [0x00000007a0000000, 0x00000007c0000000, 0x00000007c0000000)
  eden space 382976K, 0% used [0x00000007a0000000,0x00000007a0000000,0x00000007b7600000)
  from space 32256K, 99% used [0x00000007be080000,0x00000007bfff8ee8,0x00000007c0000000)
  to   space 70656K, 0% used [0x00000007b7600000,0x00000007b7600000,0x00000007bbb00000)
 ParOldGen       total 356352K, used 170742K [0x0000000760000000, 0x0000000775c00000, 0x00000007a0000000)
  object space 356352K, 47% used [0x0000000760000000,0x000000076a6bdba8,0x0000000775c00000)
 Metaspace       used 86525K, capacity 93324K, committed 93440K, reserved 1132544K
  class space    used 10367K, capacity 11174K, committed 11264K, reserved 1048576K
}
Event: 7532.449 GC heap before
{Heap before GC invocations=70 (full 5):
 PSYoungGen      total 415232K, used 415203K [0x00000007a0000000, 0x00000007c0000000, 0x00000007c0000000)
  eden space 382976K, 100% used [0x00000007a0000000,0x00000007b7600000,0x00000007b7600000)
  from space 32256K, 99% used [0x00000007be080000,0x00000007bfff8ee8,0x00000007c0000000)
  to   space 70656K, 0% used [0x00000007b7600000,0x00000007b7600000,0x00000007bbb00000)
 ParOldGen       total 356352K, used 170742K [0x0000000760000000, 0x0000000775c00000, 0x00000007a0000000)
  object space 356352K, 47% used [0x0000000760000000,0x000000076a6bdba8,0x0000000775c00000)
 Metaspace       used 86547K, capacity 93324K, committed 93440K, reserved 1132544K
  class space    used 10367K, capacity 11174K, committed 11264K, reserved 1048576K
Event: 7532.623 GC heap after
Heap after GC invocations=70 (full 5):
 PSYoungGen      total 453632K, used 70636K [0x00000007a0000000, 0x00000007c0000000, 0x00000007c0000000)
  eden space 382976K, 0% used [0x00000007a0000000,0x00000007a0000000,0x00000007b7600000)
  from space 70656K, 99% used [0x00000007b7600000,0x00000007bbafb238,0x00000007bbb00000)
  to   space 70656K, 0% used [0x00000007bbb00000,0x00000007bbb00000,0x00000007c0000000)
 ParOldGen       total 356352K, used 206464K [0x0000000760000000, 0x0000000775c00000, 0x00000007a0000000)
  object space 356352K, 57% used [0x0000000760000000,0x000000076c9a0010,0x0000000775c00000)
 Metaspace       used 86547K, capacity 93324K, committed 93440K, reserved 1132544K
  class space    used 10367K, capacity 11174K, committed 11264K, reserved 1048576K
}
Event: 7533.583 GC heap before
{Heap before GC invocations=71 (full 5):
 PSYoungGen      total 453632K, used 453612K [0x00000007a0000000, 0x00000007c0000000, 0x00000007c0000000)
  eden space 382976K, 100% used [0x00000007a0000000,0x00000007b7600000,0x00000007b7600000)
  from space 70656K, 99% used [0x00000007b7600000,0x00000007bbafb238,0x00000007bbb00000)
  to   space 70656K, 0% used [0x00000007bbb00000,0x00000007bbb00000,0x00000007c0000000)
 ParOldGen       total 356352K, used 206464K [0x0000000760000000, 0x0000000775c00000, 0x00000007a0000000)
  object space 356352K, 57% used [0x0000000760000000,0x000000076c9a0010,0x0000000775c00000)
 Metaspace       used 86577K, capacity 93388K, committed 93696K, reserved 1132544K
  class space    used 10367K, capacity 11174K, committed 11264K, reserved 1048576K
Event: 7533.853 GC heap after
Heap after GC invocations=71 (full 5):
 PSYoungGen      total 336896K, used 70645K [0x00000007a0000000, 0x00000007c0000000, 0x00000007c0000000)
  eden space 266240K, 0% used [0x00000007a0000000,0x00000007a0000000,0x00000007b0400000)
  from space 70656K, 99% used [0x00000007bbb00000,0x00000007bfffd698,0x00000007c0000000)
  to   space 129024K, 0% used [0x00000007b0400000,0x00000007b0400000,0x00000007b8200000)
 ParOldGen       total 356352K, used 276263K [0x0000000760000000, 0x0000000775c00000, 0x00000007a0000000)
  object space 356352K, 77% used [0x0000000760000000,0x0000000770dc9e10,0x0000000775c00000)
 Metaspace       used 86577K, capacity 93388K, committed 93696K, reserved 1132544K
  class space    used 10367K, capacity 11174K, committed 11264K, reserved 1048576K
}

